<?xml version="1.0" encoding="UTF-8"?>
<!-- Generated by org.testng.reporters.JUnitReportReporter -->
<testsuite skipped="1" hostname="DESKTOP-ODLJSHA" name="com.test.Simple" tests="1" failures="0" timestamp="30 May 2021 10:27:06 GMT" time="0.000" errors="0">
  <testcase name="operate" time="0.000" classname="com.test.Simple">
    <skipped/>
  </testcase> <!-- operate -->
</testsuite> <!-- com.test.Simple -->
